<?xml version="1.0" encoding="UTF-8"?>
<!-- Generated by org.testng.reporters.JUnitXMLReporter -->
<testsuite ignored="0" hostname="DESKTOP-U5UN98U" failures="1" tests="3" name="Test" time="0.108" errors="0" timestamp="2022-04-16T06:32:04 GMT-04:00">
  <testcase classname="src.listener.Testing" name="b" time="0.017">
    <failure type="java.lang.AssertionError" message="null">
      <![CDATA[java.lang.AssertionError: null
at src.listener.Testing.b(Testing.java:19)
at java.base/java.util.ArrayList.forEach(ArrayList.java:1511)
... Removed 29 stack frames]]>
    </failure>
  </testcase> <!-- b -->
  <testcase classname="src.listener.Testing" name="a" time="0.008"/>
  <testcase classname="src.listener.Testing" name="c" time="0.0">
    <skipped/>
  </testcase> <!-- c -->
</testsuite> <!-- Test -->
